{"level":"ERROR","location":"[get_call:142] fyersModel","message":{"API":"/profile","Error":{"s":"error","code":-8,"message":"Your token has expired. Please generate a token"}},"timestamp":"2024-03-28 22:29:00,183+0530","service":"FyersAPI"}
{"level":"ERROR","location":"[get_call:142] fyersModel","message":{"API":"/history","Error":{"code":-16,"message":"Could not authenticate the user","s":"error"}},"timestamp":"2024-03-28 22:29:00,297+0530","service":"FyersAPI"}
{"level":"ERROR","location":"[get_call:142] fyersModel","message":{"API":"/profile","Error":{"s":"error","code":-8,"message":"Your token has expired. Please generate a token"}},"timestamp":"2024-03-28 22:31:23,499+0530","service":"FyersAPI"}
{"level":"ERROR","location":"[get_call:142] fyersModel","message":{"API":"/history","Error":{"code":-16,"message":"Could not authenticate the user","s":"error"}},"timestamp":"2024-03-28 22:31:23,733+0530","service":"FyersAPI"}
{"level":"ERROR","location":"[get_call:142] fyersModel","message":{"API":"/profile","Error":{"s":"error","code":-8,"message":"Your token has expired. Please generate a token"}},"timestamp":"2024-03-28 22:31:31,332+0530","service":"FyersAPI"}
{"level":"ERROR","location":"[get_call:142] fyersModel","message":{"API":"/history","Error":{"code":-16,"message":"Could not authenticate the user","s":"error"}},"timestamp":"2024-03-28 22:31:31,440+0530","service":"FyersAPI"}
{"level":"ERROR","location":"[get_call:142] fyersModel","message":{"API":"/profile","Error":{"s":"error","code":-8,"message":"Your token has expired. Please generate a token"}},"timestamp":"2024-03-28 22:31:51,590+0530","service":"FyersAPI"}
{"level":"ERROR","location":"[get_call:142] fyersModel","message":{"API":"/history","Error":{"code":-16,"message":"Could not authenticate the user","s":"error"}},"timestamp":"2024-03-28 22:31:51,796+0530","service":"FyersAPI"}
{"level":"ERROR","location":"[get_call:142] fyersModel","message":{"API":"/profile","Error":{"s":"error","code":-8,"message":"Your token has expired. Please generate a token"}},"timestamp":"2024-03-28 22:32:33,570+0530","service":"FyersAPI"}
{"level":"ERROR","location":"[get_call:142] fyersModel","message":{"API":"/history","Error":{"code":-16,"message":"Could not authenticate the user","s":"error"}},"timestamp":"2024-03-28 22:32:33,692+0530","service":"FyersAPI"}
{"level":"ERROR","location":"[get_call:142] fyersModel","message":{"API":"/history","Error":{"code":-50,"data":{"range_to":"range_to cannot be 100 days greater than range_from for resolutions 1, 2, 3, 5, 10, 15, 20, 30, 45, 60, 120, 180 and 240"},"message":"Invalid input","s":"error"}},"timestamp":"2024-03-28 23:04:33,631+0530","service":"FyersAPI"}
{"level":"ERROR","location":"[get_call:142] fyersModel","message":{"API":"/history","Error":{"code":-50,"data":{"range_to":"range_to cannot be 100 days greater than range_from for resolutions 1, 2, 3, 5, 10, 15, 20, 30, 45, 60, 120, 180 and 240"},"message":"Invalid input","s":"error"}},"timestamp":"2024-03-28 23:04:38,861+0530","service":"FyersAPI"}
{"level":"ERROR","location":"[get_call:142] fyersModel","message":{"API":"/history","Error":{"code":-50,"data":{"range_to":"range_to cannot be 100 days greater than range_from for resolutions 1, 2, 3, 5, 10, 15, 20, 30, 45, 60, 120, 180 and 240"},"message":"Invalid input","s":"error"}},"timestamp":"2024-03-28 23:04:48,724+0530","service":"FyersAPI"}
{"level":"ERROR","location":"[get_call:142] fyersModel","message":{"API":"/history","Error":{"code":-50,"data":{"range_to":"range_to cannot be 100 days greater than range_from for resolutions 1, 2, 3, 5, 10, 15, 20, 30, 45, 60, 120, 180 and 240"},"message":"Invalid input","s":"error"}},"timestamp":"2024-03-28 23:04:56,369+0530","service":"FyersAPI"}
{"level":"ERROR","location":"[get_call:142] fyersModel","message":{"API":"/history","Error":{"code":-50,"data":{"range_to":"range_to cannot be 366 days greater than range_from for resolutions 1D, 1W and 1M"},"message":"Invalid input","s":"error"}},"timestamp":"2024-03-28 23:05:39,516+0530","service":"FyersAPI"}
{"level":"ERROR","location":"[get_call:142] fyersModel","message":{"API":"/history","Error":{"code":-50,"data":{"range_to":"range_to cannot be 100 days greater than range_from for resolutions 1, 2, 3, 5, 10, 15, 20, 30, 45, 60, 120, 180 and 240"},"message":"Invalid input","s":"error"}},"timestamp":"2024-03-28 23:07:25,622+0530","service":"FyersAPI"}
{"level":"ERROR","location":"[get_call:142] fyersModel","message":{"API":"/history","Error":{"code":-50,"data":{"range_to":"range_to cannot be 100 days greater than range_from for resolutions 1, 2, 3, 5, 10, 15, 20, 30, 45, 60, 120, 180 and 240"},"message":"Invalid input","s":"error"}},"timestamp":"2024-03-28 23:07:35,182+0530","service":"FyersAPI"}
{"level":"ERROR","location":"[get_call:142] fyersModel","message":{"API":"/history","Error":{"code":-50,"data":{"resolution":"resolution should be 5S, 10S, 15S, 30S, 45S, 1, 2, 3, 5, 10, 15, 20, 30, 45, 60, 120, 180, 240 or 1D"},"message":"Invalid input","s":"error"}},"timestamp":"2024-03-29 14:56:01,134+0530","service":"FyersAPI"}
{"level":"ERROR","location":"[get_call:142] fyersModel","message":{"API":"/history","Error":{"code":-300,"message":"Invalid symbol provided","s":"error"}},"timestamp":"2024-03-30 14:07:37,310+0530","service":"FyersAPI"}
{"level":"ERROR","location":"[get_call:142] fyersModel","message":{"API":"/history","Error":{"code":-99,"message":"Something went wrong. Please contact support","s":"error"}},"timestamp":"2024-03-30 14:07:55,906+0530","service":"FyersAPI"}
{"level":"ERROR","location":"[get_call:142] fyersModel","message":{"API":"/history","Error":{"code":-99,"message":"Something went wrong. Please contact support","s":"error"}},"timestamp":"2024-03-30 14:08:17,951+0530","service":"FyersAPI"}
{"level":"ERROR","location":"[get_call:142] fyersModel","message":{"API":"/history","Error":{"code":-99,"message":"Something went wrong. Please contact support","s":"error"}},"timestamp":"2024-03-30 14:08:25,828+0530","service":"FyersAPI"}
{"level":"ERROR","location":"[get_call:142] fyersModel","message":{"API":"/history","Error":{"code":-99,"message":"Something went wrong. Please contact support","s":"error"}},"timestamp":"2024-03-30 14:09:28,598+0530","service":"FyersAPI"}
{"level":"ERROR","location":"[get_call:142] fyersModel","message":{"API":"/history","Error":{"code":-99,"message":"Something went wrong. Please contact support","s":"error"}},"timestamp":"2024-03-30 14:10:05,683+0530","service":"FyersAPI"}
{"level":"ERROR","location":"[get_call:142] fyersModel","message":{"API":"/history","Error":{"code":-99,"message":"Something went wrong. Please contact support","s":"error"}},"timestamp":"2024-03-30 14:10:40,081+0530","service":"FyersAPI"}
{"level":"ERROR","location":"[get_call:142] fyersModel","message":{"API":"/history","Error":{"code":-99,"message":"Something went wrong. Please contact support","s":"error"}},"timestamp":"2024-03-30 14:10:51,430+0530","service":"FyersAPI"}
{"level":"ERROR","location":"[get_call:142] fyersModel","message":{"API":"/profile","Error":{"s":"error","code":-17,"message":"Could not authenticate the user"}},"timestamp":"2024-03-30 14:11:15,386+0530","service":"FyersAPI"}
{"level":"ERROR","location":"[get_call:142] fyersModel","message":{"API":"/history","Error":{"code":-99,"message":"Something went wrong. Please contact support","s":"error"}},"timestamp":"2024-03-30 14:11:15,555+0530","service":"FyersAPI"}
{"level":"ERROR","location":"[get_call:142] fyersModel","message":{"API":"/profile","Error":{"s":"error","code":-17,"message":"Could not authenticate the user"}},"timestamp":"2024-03-30 14:11:41,099+0530","service":"FyersAPI"}
{"level":"ERROR","location":"[get_call:142] fyersModel","message":{"API":"/history","Error":{"code":-99,"message":"Something went wrong. Please contact support","s":"error"}},"timestamp":"2024-03-30 14:11:41,228+0530","service":"FyersAPI"}
{"level":"ERROR","location":"[get_call:142] fyersModel","message":{"API":"/profile","Error":{"s":"error","code":-17,"message":"Could not authenticate the user"}},"timestamp":"2024-03-30 15:16:59,060+0530","service":"FyersAPI"}
{"level":"ERROR","location":"[get_call:142] fyersModel","message":{"API":"/history","Error":{"code":-16,"message":"Could not authenticate the user","s":"error"}},"timestamp":"2024-03-30 15:16:59,259+0530","service":"FyersAPI"}
{"level":"ERROR","location":"[get_call:142] fyersModel","message":{"API":"/profile","Error":{"s":"error","code":-17,"message":"Could not authenticate the user"}},"timestamp":"2024-03-30 15:18:25,720+0530","service":"FyersAPI"}
{"level":"ERROR","location":"[get_call:142] fyersModel","message":{"API":"/history","Error":{"code":-16,"message":"Could not authenticate the user","s":"error"}},"timestamp":"2024-03-30 15:18:25,924+0530","service":"FyersAPI"}
{"level":"ERROR","location":"[get_call:142] fyersModel","message":{"API":"/profile","Error":{"s":"error","code":-17,"message":"Could not authenticate the user"}},"timestamp":"2024-03-30 15:19:35,097+0530","service":"FyersAPI"}
{"level":"ERROR","location":"[get_call:142] fyersModel","message":{"API":"/history","Error":{"code":-16,"message":"Could not authenticate the user","s":"error"}},"timestamp":"2024-03-30 15:19:35,286+0530","service":"FyersAPI"}
{"level":"ERROR","location":"[get_call:142] fyersModel","message":{"API":"/profile","Error":{"s":"error","code":-17,"message":"Could not authenticate the user"}},"timestamp":"2024-03-30 15:19:57,186+0530","service":"FyersAPI"}
{"level":"ERROR","location":"[get_call:142] fyersModel","message":{"API":"/history","Error":{"code":-16,"message":"Could not authenticate the user","s":"error"}},"timestamp":"2024-03-30 15:19:57,295+0530","service":"FyersAPI"}
{"level":"ERROR","location":"[get_call:142] fyersModel","message":{"API":"/profile","Error":{"s":"error","code":-17,"message":"Could not authenticate the user"}},"timestamp":"2024-03-30 15:20:12,574+0530","service":"FyersAPI"}
{"level":"ERROR","location":"[get_call:142] fyersModel","message":{"API":"/profile","Error":{"s":"error","code":-17,"message":"Could not authenticate the user"}},"timestamp":"2024-03-30 15:21:17,832+0530","service":"FyersAPI"}
{"level":"ERROR","location":"[get_call:142] fyersModel","message":{"API":"/profile","Error":{"s":"error","code":-17,"message":"Could not authenticate the user"}},"timestamp":"2024-03-30 15:21:54,419+0530","service":"FyersAPI"}
{"level":"ERROR","location":"[get_call:142] fyersModel","message":{"API":"/profile","Error":{"s":"error","code":-17,"message":"Could not authenticate the user"}},"timestamp":"2024-03-30 15:22:32,814+0530","service":"FyersAPI"}
{"level":"ERROR","location":"[get_call:142] fyersModel","message":{"API":"/profile","Error":{"s":"error","code":-17,"message":"Could not authenticate the user"}},"timestamp":"2024-03-30 15:22:52,739+0530","service":"FyersAPI"}
{"level":"ERROR","location":"[get_call:142] fyersModel","message":{"API":"/profile","Error":{"s":"error","code":-17,"message":"Could not authenticate the user"}},"timestamp":"2024-03-30 15:23:02,652+0530","service":"FyersAPI"}
{"level":"ERROR","location":"[get_call:142] fyersModel","message":{"API":"/profile","Error":{"s":"error","code":-17,"message":"Could not authenticate the user"}},"timestamp":"2024-03-30 15:23:17,549+0530","service":"FyersAPI"}
{"level":"ERROR","location":"[get_call:142] fyersModel","message":{"API":"/profile","Error":{"s":"error","code":-17,"message":"Could not authenticate the user"}},"timestamp":"2024-03-30 15:24:57,145+0530","service":"FyersAPI"}
{"level":"ERROR","location":"[get_call:142] fyersModel","message":{"API":"/profile","Error":{"s":"error","code":-17,"message":"Could not authenticate the user"}},"timestamp":"2024-03-30 15:25:22,367+0530","service":"FyersAPI"}
{"level":"ERROR","location":"[get_call:142] fyersModel","message":{"API":"/profile","Error":{"s":"error","code":-17,"message":"Could not authenticate the user"}},"timestamp":"2024-03-30 15:25:45,827+0530","service":"FyersAPI"}
{"level":"ERROR","location":"[get_call:142] fyersModel","message":{"API":"/profile","Error":{"s":"error","code":-17,"message":"Could not authenticate the user"}},"timestamp":"2024-03-30 15:26:39,394+0530","service":"FyersAPI"}
{"level":"ERROR","location":"[get_call:142] fyersModel","message":{"API":"/profile","Error":{"s":"error","code":-17,"message":"Could not authenticate the user"}},"timestamp":"2024-03-30 15:52:21,496+0530","service":"FyersAPI"}
{"level":"ERROR","location":"[get_call:142] fyersModel","message":{"API":"/history","Error":{"code":429,"message":"request limit reached","s":"error"}},"timestamp":"2024-03-30 17:05:37,767+0530","service":"FyersAPI"}
{"level":"ERROR","location":"[get_call:142] fyersModel","message":{"API":"/history","Error":{"code":429,"message":"request limit reached","s":"error"}},"timestamp":"2024-03-30 17:05:58,980+0530","service":"FyersAPI"}
{"level":"ERROR","location":"[get_call:142] fyersModel","message":{"API":"/history","Error":{"code":429,"message":"request limit reached","s":"error"}},"timestamp":"2024-03-30 17:06:17,982+0530","service":"FyersAPI"}
{"level":"ERROR","location":"[get_call:142] fyersModel","message":{"API":"/history","Error":{"code":429,"message":"request limit reached","s":"error"}},"timestamp":"2024-03-30 17:06:42,593+0530","service":"FyersAPI"}
{"level":"ERROR","location":"[get_call:142] fyersModel","message":{"API":"/history","Error":{"code":429,"message":"request limit reached","s":"error"}},"timestamp":"2024-03-30 17:07:01,413+0530","service":"FyersAPI"}
{"level":"ERROR","location":"[get_call:142] fyersModel","message":{"API":"/history","Error":{"code":429,"message":"request limit reached","s":"error"}},"timestamp":"2024-03-30 17:07:10,788+0530","service":"FyersAPI"}
{"level":"ERROR","location":"[get_call:142] fyersModel","message":{"API":"/history","Error":{"code":429,"message":"request limit reached","s":"error"}},"timestamp":"2024-03-30 17:07:12,440+0530","service":"FyersAPI"}
{"level":"ERROR","location":"[get_call:142] fyersModel","message":{"API":"/history","Error":{"code":429,"message":"request limit reached","s":"error"}},"timestamp":"2024-03-30 17:07:13,985+0530","service":"FyersAPI"}
{"level":"ERROR","location":"[get_call:142] fyersModel","message":{"API":"/history","Error":{"code":429,"message":"request limit reached","s":"error"}},"timestamp":"2024-03-30 17:07:15,384+0530","service":"FyersAPI"}
{"level":"ERROR","location":"[get_call:142] fyersModel","message":{"API":"/history","Error":{"code":429,"message":"request limit reached","s":"error"}},"timestamp":"2024-03-30 17:07:19,503+0530","service":"FyersAPI"}
{"level":"ERROR","location":"[get_call:142] fyersModel","message":{"API":"/history","Error":{"code":429,"message":"request limit reached","s":"error"}},"timestamp":"2024-03-30 17:07:21,093+0530","service":"FyersAPI"}
{"level":"ERROR","location":"[get_call:142] fyersModel","message":{"API":"/history","Error":{"code":429,"message":"request limit reached","s":"error"}},"timestamp":"2024-03-30 17:07:22,529+0530","service":"FyersAPI"}
{"level":"ERROR","location":"[get_call:142] fyersModel","message":{"API":"/history","Error":{"code":429,"message":"request limit reached","s":"error"}},"timestamp":"2024-03-30 17:08:33,573+0530","service":"FyersAPI"}
{"level":"ERROR","location":"[get_call:142] fyersModel","message":{"API":"/history","Error":{"code":429,"message":"request limit reached","s":"error"}},"timestamp":"2024-03-30 17:26:48,929+0530","service":"FyersAPI"}
{"level":"ERROR","location":"[get_call:142] fyersModel","message":{"API":"/history","Error":{"code":429,"message":"request limit reached","s":"error"}},"timestamp":"2024-03-30 17:29:46,665+0530","service":"FyersAPI"}
{"level":"ERROR","location":"[get_call:142] fyersModel","message":{"API":"/history","Error":{"code":429,"message":"request limit reached","s":"error"}},"timestamp":"2024-03-30 20:27:27,225+0530","service":"FyersAPI"}
{"level":"ERROR","location":"[get_call:142] fyersModel","message":{"API":"/history","Error":{"code":429,"message":"request limit reached","s":"error"}},"timestamp":"2024-03-30 20:50:39,128+0530","service":"FyersAPI"}
