{"level":"DEBUG","location":"[get_call:136] fyersModel","message":{"Status Code":401,"API":"/profile"},"timestamp":"2024-03-27 00:39:44,719+0530","service":"FyersAPIRequest"}
{"level":"DEBUG","location":"[get_call:136] fyersModel","message":{"Status Code":200,"API":"/profile"},"timestamp":"2024-03-27 00:39:58,386+0530","service":"FyersAPIRequest"}
{"level":"DEBUG","location":"[get_call:136] fyersModel","message":{"Status Code":200,"API":"/profile"},"timestamp":"2024-03-27 00:40:29,521+0530","service":"FyersAPIRequest"}
{"level":"DEBUG","location":"[get_call:136] fyersModel","message":{"Status Code":200,"API":"/profile"},"timestamp":"2024-03-27 00:54:27,770+0530","service":"FyersAPIRequest"}
{"level":"DEBUG","location":"[get_call:136] fyersModel","message":{"Status Code":401,"API":"/profile"},"timestamp":"2024-03-27 02:54:31,256+0530","service":"FyersAPIRequest"}
{"level":"DEBUG","location":"[get_call:136] fyersModel","message":{"Status Code":401,"API":"/profile"},"timestamp":"2024-03-27 02:54:43,587+0530","service":"FyersAPIRequest"}
{"level":"DEBUG","location":"[get_call:136] fyersModel","message":{"Status Code":200,"API":"/profile"},"timestamp":"2024-03-27 02:55:40,895+0530","service":"FyersAPIRequest"}
{"level":"DEBUG","location":"[get_call:136] fyersModel","message":{"Status Code":200,"API":"/profile"},"timestamp":"2024-03-27 02:58:40,982+0530","service":"FyersAPIRequest"}
{"level":"DEBUG","location":"[get_call:136] fyersModel","message":{"Status Code":200,"API":"/profile"},"timestamp":"2024-03-27 02:59:05,766+0530","service":"FyersAPIRequest"}
{"level":"DEBUG","location":"[get_call:136] fyersModel","message":{"Status Code":200,"API":"/profile"},"timestamp":"2024-03-27 03:01:28,983+0530","service":"FyersAPIRequest"}
{"level":"DEBUG","location":"[get_call:136] fyersModel","message":{"Status Code":200,"API":"/profile"},"timestamp":"2024-03-27 03:03:52,223+0530","service":"FyersAPIRequest"}
{"level":"DEBUG","location":"[get_call:136] fyersModel","message":{"Status Code":422,"API":"/history"},"timestamp":"2024-03-27 03:03:52,355+0530","service":"FyersAPIRequest"}
{"level":"DEBUG","location":"[get_call:136] fyersModel","message":{"Status Code":200,"API":"/profile"},"timestamp":"2024-03-27 03:04:21,001+0530","service":"FyersAPIRequest"}
{"level":"DEBUG","location":"[get_call:136] fyersModel","message":{"Status Code":422,"API":"/history"},"timestamp":"2024-03-27 03:04:21,199+0530","service":"FyersAPIRequest"}
{"level":"DEBUG","location":"[get_call:136] fyersModel","message":{"Status Code":200,"API":"/profile"},"timestamp":"2024-03-27 03:05:31,909+0530","service":"FyersAPIRequest"}
{"level":"DEBUG","location":"[get_call:136] fyersModel","message":{"Status Code":422,"API":"/history"},"timestamp":"2024-03-27 03:05:32,084+0530","service":"FyersAPIRequest"}
{"level":"DEBUG","location":"[get_call:136] fyersModel","message":{"Status Code":200,"API":"/profile"},"timestamp":"2024-03-27 03:08:37,070+0530","service":"FyersAPIRequest"}
{"level":"DEBUG","location":"[get_call:136] fyersModel","message":{"Status Code":200,"API":"/history"},"timestamp":"2024-03-27 03:08:37,194+0530","service":"FyersAPIRequest"}
{"level":"DEBUG","location":"[get_call:136] fyersModel","message":{"Status Code":200,"API":"/profile"},"timestamp":"2024-03-27 03:10:37,003+0530","service":"FyersAPIRequest"}
{"level":"DEBUG","location":"[get_call:136] fyersModel","message":{"Status Code":200,"API":"/history"},"timestamp":"2024-03-27 03:10:37,122+0530","service":"FyersAPIRequest"}
{"level":"DEBUG","location":"[get_call:136] fyersModel","message":{"Status Code":200,"API":"/profile"},"timestamp":"2024-03-27 03:13:52,698+0530","service":"FyersAPIRequest"}
{"level":"DEBUG","location":"[get_call:136] fyersModel","message":{"Status Code":200,"API":"/history"},"timestamp":"2024-03-27 03:13:52,835+0530","service":"FyersAPIRequest"}
{"level":"DEBUG","location":"[get_call:136] fyersModel","message":{"Status Code":200,"API":"/profile"},"timestamp":"2024-03-27 03:17:07,462+0530","service":"FyersAPIRequest"}
{"level":"DEBUG","location":"[get_call:136] fyersModel","message":{"Status Code":200,"API":"/history"},"timestamp":"2024-03-27 03:17:07,586+0530","service":"FyersAPIRequest"}
{"level":"DEBUG","location":"[get_call:136] fyersModel","message":{"Status Code":200,"API":"/profile"},"timestamp":"2024-03-27 03:46:46,921+0530","service":"FyersAPIRequest"}
{"level":"DEBUG","location":"[get_call:136] fyersModel","message":{"Status Code":200,"API":"/profile"},"timestamp":"2024-03-27 03:47:47,764+0530","service":"FyersAPIRequest"}
{"level":"DEBUG","location":"[get_call:136] fyersModel","message":{"Status Code":200,"API":"/profile"},"timestamp":"2024-03-27 03:50:21,235+0530","service":"FyersAPIRequest"}
{"level":"DEBUG","location":"[get_call:136] fyersModel","message":{"Status Code":200,"API":"/profile"},"timestamp":"2024-03-27 03:55:30,068+0530","service":"FyersAPIRequest"}
{"level":"DEBUG","location":"[get_call:136] fyersModel","message":{"Status Code":200,"API":"/profile"},"timestamp":"2024-03-27 03:57:12,314+0530","service":"FyersAPIRequest"}
{"level":"DEBUG","location":"[get_call:136] fyersModel","message":{"Status Code":200,"API":"/profile"},"timestamp":"2024-03-27 22:02:09,970+0530","service":"FyersAPIRequest"}
{"level":"DEBUG","location":"[get_call:136] fyersModel","message":{"Status Code":401,"API":"/profile"},"timestamp":"2024-03-27 22:54:47,930+0530","service":"FyersAPIRequest"}
{"level":"DEBUG","location":"[get_call:136] fyersModel","message":{"Status Code":401,"API":"/profile"},"timestamp":"2024-03-27 22:54:51,495+0530","service":"FyersAPIRequest"}
{"level":"DEBUG","location":"[get_call:136] fyersModel","message":{"Status Code":200,"API":"/profile"},"timestamp":"2024-03-27 22:55:06,576+0530","service":"FyersAPIRequest"}
{"level":"DEBUG","location":"[get_call:136] fyersModel","message":{"Status Code":200,"API":"/profile"},"timestamp":"2024-03-27 22:56:24,844+0530","service":"FyersAPIRequest"}
{"level":"DEBUG","location":"[get_call:136] fyersModel","message":{"Status Code":200,"API":"/profile"},"timestamp":"2024-03-27 22:57:12,519+0530","service":"FyersAPIRequest"}
{"level":"DEBUG","location":"[get_call:136] fyersModel","message":{"Status Code":200,"API":"/profile"},"timestamp":"2024-03-27 23:01:18,304+0530","service":"FyersAPIRequest"}
{"level":"DEBUG","location":"[get_call:136] fyersModel","message":{"Status Code":200,"API":"/profile"},"timestamp":"2024-03-27 23:02:31,610+0530","service":"FyersAPIRequest"}
{"level":"DEBUG","location":"[get_call:136] fyersModel","message":{"Status Code":200,"API":"/profile"},"timestamp":"2024-03-27 23:02:51,044+0530","service":"FyersAPIRequest"}
{"level":"DEBUG","location":"[get_call:136] fyersModel","message":{"Status Code":200,"API":"/history"},"timestamp":"2024-03-27 23:02:51,186+0530","service":"FyersAPIRequest"}
{"level":"DEBUG","location":"[get_call:136] fyersModel","message":{"Status Code":200,"API":"/profile"},"timestamp":"2024-03-27 23:04:12,830+0530","service":"FyersAPIRequest"}
{"level":"DEBUG","location":"[get_call:136] fyersModel","message":{"Status Code":200,"API":"/history"},"timestamp":"2024-03-27 23:04:13,043+0530","service":"FyersAPIRequest"}
{"level":"DEBUG","location":"[get_call:136] fyersModel","message":{"Status Code":200,"API":"/profile"},"timestamp":"2024-03-27 23:05:12,645+0530","service":"FyersAPIRequest"}
{"level":"DEBUG","location":"[get_call:136] fyersModel","message":{"Status Code":200,"API":"/profile"},"timestamp":"2024-03-27 23:05:28,590+0530","service":"FyersAPIRequest"}
{"level":"DEBUG","location":"[get_call:136] fyersModel","message":{"Status Code":200,"API":"/profile"},"timestamp":"2024-03-27 23:06:09,298+0530","service":"FyersAPIRequest"}
{"level":"DEBUG","location":"[get_call:136] fyersModel","message":{"Status Code":200,"API":"/quotes"},"timestamp":"2024-03-27 23:06:09,438+0530","service":"FyersAPIRequest"}
{"level":"DEBUG","location":"[get_call:136] fyersModel","message":{"Status Code":200,"API":"/profile"},"timestamp":"2024-03-27 23:06:38,090+0530","service":"FyersAPIRequest"}
{"level":"DEBUG","location":"[get_call:136] fyersModel","message":{"Status Code":200,"API":"/profile"},"timestamp":"2024-03-27 23:07:02,781+0530","service":"FyersAPIRequest"}
{"level":"DEBUG","location":"[get_call:136] fyersModel","message":{"Status Code":400,"API":"/depth"},"timestamp":"2024-03-27 23:07:02,903+0530","service":"FyersAPIRequest"}
{"level":"DEBUG","location":"[get_call:136] fyersModel","message":{"Status Code":200,"API":"/profile"},"timestamp":"2024-03-27 23:08:09,681+0530","service":"FyersAPIRequest"}
{"level":"DEBUG","location":"[get_call:136] fyersModel","message":{"Status Code":200,"API":"/quotes"},"timestamp":"2024-03-27 23:08:09,811+0530","service":"FyersAPIRequest"}
{"level":"DEBUG","location":"[get_call:136] fyersModel","message":{"Status Code":200,"API":"/profile"},"timestamp":"2024-03-27 23:14:00,294+0530","service":"FyersAPIRequest"}
{"level":"DEBUG","location":"[get_call:136] fyersModel","message":{"Status Code":200,"API":"/quotes"},"timestamp":"2024-03-27 23:14:00,443+0530","service":"FyersAPIRequest"}
{"level":"DEBUG","location":"[get_call:136] fyersModel","message":{"Status Code":200,"API":"/profile"},"timestamp":"2024-03-27 23:15:38,011+0530","service":"FyersAPIRequest"}
{"level":"DEBUG","location":"[get_call:136] fyersModel","message":{"Status Code":400,"API":"/depth"},"timestamp":"2024-03-27 23:15:38,141+0530","service":"FyersAPIRequest"}
{"level":"DEBUG","location":"[get_call:136] fyersModel","message":{"Status Code":200,"API":"/profile"},"timestamp":"2024-03-27 23:16:00,478+0530","service":"FyersAPIRequest"}
{"level":"DEBUG","location":"[get_call:136] fyersModel","message":{"Status Code":200,"API":"/depth"},"timestamp":"2024-03-27 23:16:00,602+0530","service":"FyersAPIRequest"}
{"level":"DEBUG","location":"[get_call:136] fyersModel","message":{"Status Code":200,"API":"/profile"},"timestamp":"2024-03-27 23:29:12,097+0530","service":"FyersAPIRequest"}
{"level":"DEBUG","location":"[get_call:136] fyersModel","message":{"Status Code":200,"API":"/depth"},"timestamp":"2024-03-27 23:29:12,209+0530","service":"FyersAPIRequest"}
{"level":"DEBUG","location":"[get_call:136] fyersModel","message":{"Status Code":200,"API":"/profile"},"timestamp":"2024-03-27 23:30:17,247+0530","service":"FyersAPIRequest"}
{"level":"DEBUG","location":"[get_call:136] fyersModel","message":{"Status Code":200,"API":"/depth"},"timestamp":"2024-03-27 23:30:17,456+0530","service":"FyersAPIRequest"}
{"level":"DEBUG","location":"[get_call:136] fyersModel","message":{"Status Code":200,"API":"/profile"},"timestamp":"2024-03-27 23:47:26,331+0530","service":"FyersAPIRequest"}
{"level":"DEBUG","location":"[get_call:136] fyersModel","message":{"Status Code":200,"API":"/funds"},"timestamp":"2024-03-27 23:47:26,449+0530","service":"FyersAPIRequest"}
{"level":"DEBUG","location":"[get_call:136] fyersModel","message":{"Status Code":200,"API":"/profile"},"timestamp":"2024-03-27 23:49:14,006+0530","service":"FyersAPIRequest"}
{"level":"DEBUG","location":"[get_call:136] fyersModel","message":{"Status Code":200,"API":"/holdings"},"timestamp":"2024-03-27 23:49:14,132+0530","service":"FyersAPIRequest"}
{"level":"DEBUG","location":"[get_call:136] fyersModel","message":{"Status Code":200,"API":"/profile"},"timestamp":"2024-03-27 23:52:43,711+0530","service":"FyersAPIRequest"}
{"level":"DEBUG","location":"[get_call:136] fyersModel","message":{"Status Code":200,"API":"/orders"},"timestamp":"2024-03-27 23:52:43,823+0530","service":"FyersAPIRequest"}
{"level":"DEBUG","location":"[get_call:136] fyersModel","message":{"Status Code":200,"API":"/profile"},"timestamp":"2024-03-27 23:57:38,384+0530","service":"FyersAPIRequest"}
{"level":"DEBUG","location":"[get_call:136] fyersModel","message":{"Status Code":200,"API":"/positions"},"timestamp":"2024-03-27 23:57:38,507+0530","service":"FyersAPIRequest"}
{"level":"DEBUG","location":"[get_call:136] fyersModel","message":{"Status Code":200,"API":"/profile"},"timestamp":"2024-03-27 23:59:42,912+0530","service":"FyersAPIRequest"}
{"level":"DEBUG","location":"[get_call:136] fyersModel","message":{"Status Code":200,"API":"/tradebook"},"timestamp":"2024-03-27 23:59:43,030+0530","service":"FyersAPIRequest"}
